# JRE version: OpenJDK Runtime Environment (8.0_212-b04) (build 1.8.0_212-release-1586-b04)
# Java VM: OpenJDK 64-Bit Server VM (25.212-b04 mixed mode windows-amd64 compressed oops)
Heap:
 PSYoungGen      total 384000K, used 25850K [0x00000000e0000000, 0x00000000fca80000, 0x0000000100000000)
  eden space 330240K, 0% used [0x00000000e0000000,0x00000000e01d1fb0,0x00000000f4280000)
  from space 53760K, 44% used [0x00000000f9600000,0x00000000fad6cb70,0x00000000fca80000)
  to   space 69632K, 0% used [0x00000000f4280000,0x00000000f4280000,0x00000000f8680000)
 ParOldGen       total 268288K, used 130084K [0x00000000a0000000, 0x00000000b0600000, 0x00000000e0000000)
  object space 268288K, 48% used [0x00000000a0000000,0x00000000a7f09270,0x00000000b0600000)
 Metaspace       used 91769K, capacity 96686K, committed 96856K, reserved 1134592K
  class space    used 11747K, capacity 12628K, committed 12632K, reserved 1048576K
GC Heap History (10 events):
Event: 853.818 GC heap before
{Heap before GC invocations=25 (full 4):
 PSYoungGen      total 420352K, used 397079K [0x00000000e0000000, 0x00000000fe280000, 0x0000000100000000)
  eden space 371200K, 100% used [0x00000000e0000000,0x00000000f6a80000,0x00000000f6a80000)
  from space 49152K, 52% used [0x00000000fb280000,0x00000000fcbc5cc8,0x00000000fe280000)
  to   space 61440K, 0% used [0x00000000f6a80000,0x00000000f6a80000,0x00000000fa680000)
 ParOldGen       total 268288K, used 122182K [0x00000000a0000000, 0x00000000b0600000, 0x00000000e0000000)
  object space 268288K, 45% used [0x00000000a0000000,0x00000000a7751bd8,0x00000000b0600000)
 Metaspace       used 89501K, capacity 93240K, committed 94808K, reserved 1132544K
  class space    used 11516K, capacity 12235K, committed 12632K, reserved 1048576K
Event: 853.856 GC heap after
Heap after GC invocations=25 (full 4):
 PSYoungGen      total 432640K, used 61421K [0x00000000e0000000, 0x0000000100000000, 0x0000000100000000)
  eden space 371200K, 0% used [0x00000000e0000000,0x00000000e0000000,0x00000000f6a80000)
  from space 61440K, 99% used [0x00000000f6a80000,0x00000000fa67b458,0x00000000fa680000)
  to   space 71168K, 0% used [0x00000000fba80000,0x00000000fba80000,0x0000000100000000)
 ParOldGen       total 268288K, used 123036K [0x00000000a0000000, 0x00000000b0600000, 0x00000000e0000000)
  object space 268288K, 45% used [0x00000000a0000000,0x00000000a78273d8,0x00000000b0600000)
 Metaspace       used 89501K, capacity 93240K, committed 94808K, reserved 1132544K
  class space    used 11516K, capacity 12235K, committed 12632K, reserved 1048576K
}
Event: 979.730 GC heap before
{Heap before GC invocations=26 (full 4):
 PSYoungGen      total 432640K, used 432621K [0x00000000e0000000, 0x0000000100000000, 0x0000000100000000)
  eden space 371200K, 100% used [0x00000000e0000000,0x00000000f6a80000,0x00000000f6a80000)
  from space 61440K, 99% used [0x00000000f6a80000,0x00000000fa67b458,0x00000000fa680000)
  to   space 71168K, 0% used [0x00000000fba80000,0x00000000fba80000,0x0000000100000000)
 ParOldGen       total 268288K, used 123036K [0x00000000a0000000, 0x00000000b0600000, 0x00000000e0000000)
  object space 268288K, 45% used [0x00000000a0000000,0x00000000a78273d8,0x00000000b0600000)
 Metaspace       used 89832K, capacity 93786K, committed 94808K, reserved 1132544K
  class space    used 11548K, capacity 12294K, committed 12632K, reserved 1048576K
Event: 979.742 GC heap after
Heap after GC invocations=26 (full 4):
 PSYoungGen      total 454656K, used 15233K [0x00000000e0000000, 0x0000000100000000, 0x0000000100000000)
  eden space 383488K, 0% used [0x00000000e0000000,0x00000000e0000000,0x00000000f7680000)
  from space 71168K, 21% used [0x00000000fba80000,0x00000000fc960500,0x0000000100000000)
  to   space 69632K, 0% used [0x00000000f7680000,0x00000000f7680000,0x00000000fba80000)
 ParOldGen       total 268288K, used 130052K [0x00000000a0000000, 0x00000000b0600000, 0x00000000e0000000)
  object space 268288K, 48% used [0x00000000a0000000,0x00000000a7f01270,0x00000000b0600000)
 Metaspace       used 89832K, capacity 93786K, committed 94808K, reserved 1132544K
  class space    used 11548K, capacity 12294K, committed 12632K, reserved 1048576K
}
Event: 5802.507 GC heap before
{Heap before GC invocations=27 (full 4):
 PSYoungGen      total 454656K, used 398721K [0x00000000e0000000, 0x0000000100000000, 0x0000000100000000)
  eden space 383488K, 100% used [0x00000000e0000000,0x00000000f7680000,0x00000000f7680000)
  from space 71168K, 21% used [0x00000000fba80000,0x00000000fc960500,0x0000000100000000)
  to   space 69632K, 0% used [0x00000000f7680000,0x00000000f7680000,0x00000000fba80000)
 ParOldGen       total 268288K, used 130052K [0x00000000a0000000, 0x00000000b0600000, 0x00000000e0000000)
  object space 268288K, 48% used [0x00000000a0000000,0x00000000a7f01270,0x00000000b0600000)
 Metaspace       used 90610K, capacity 94798K, committed 95320K, reserved 1132544K
  class space    used 11621K, capacity 12398K, committed 12632K, reserved 1048576K
Event: 5803.641 GC heap after
Heap after GC invocations=27 (full 4):
 PSYoungGen      total 385024K, used 15758K [0x00000000e0000000, 0x00000000fec80000, 0x0000000100000000)
  eden space 369152K, 0% used [0x00000000e0000000,0x00000000e0000000,0x00000000f6880000)
  from space 15872K, 99% used [0x00000000f7680000,0x00000000f85e3ac8,0x00000000f8600000)
  to   space 67584K, 0% used [0x00000000faa80000,0x00000000faa80000,0x00000000fec80000)
 ParOldGen       total 268288K, used 130060K [0x00000000a0000000, 0x00000000b0600000, 0x00000000e0000000)
  object space 268288K, 48% used [0x00000000a0000000,0x00000000a7f03270,0x00000000b0600000)
 Metaspace       used 90610K, capacity 94798K, committed 95320K, reserved 1132544K
  class space    used 11621K, capacity 12398K, committed 12632K, reserved 1048576K
}
Event: 5815.241 GC heap before
{Heap before GC invocations=28 (full 4):
 PSYoungGen      total 385024K, used 384910K [0x00000000e0000000, 0x00000000fec80000, 0x0000000100000000)
  eden space 369152K, 100% used [0x00000000e0000000,0x00000000f6880000,0x00000000f6880000)
  from space 15872K, 99% used [0x00000000f7680000,0x00000000f85e3ac8,0x00000000f8600000)
  to   space 67584K, 0% used [0x00000000faa80000,0x00000000faa80000,0x00000000fec80000)
 ParOldGen       total 268288K, used 130060K [0x00000000a0000000, 0x00000000b0600000, 0x00000000e0000000)
  object space 268288K, 48% used [0x00000000a0000000,0x00000000a7f03270,0x00000000b0600000)
 Metaspace       used 91103K, capacity 95504K, committed 95832K, reserved 1132544K
  class space    used 11673K, capacity 12495K, committed 12632K, reserved 1048576K
Event: 5815.291 GC heap after
Heap after GC invocations=28 (full 4):
 PSYoungGen      total 422912K, used 60855K [0x00000000e0000000, 0x00000000fef00000, 0x0000000100000000)
  eden space 355328K, 0% used [0x00000000e0000000,0x00000000e0000000,0x00000000f5b00000)
  from space 67584K, 90% used [0x00000000faa80000,0x00000000fe5edd78,0x00000000fec80000)
  to   space 75776K, 0% used [0x00000000f5b00000,0x00000000f5b00000,0x00000000fa500000)
 ParOldGen       total 268288K, used 130068K [0x00000000a0000000, 0x00000000b0600000, 0x00000000e0000000)
  object space 268288K, 48% used [0x00000000a0000000,0x00000000a7f05270,0x00000000b0600000)
 Metaspace       used 91103K, capacity 95504K, committed 95832K, reserved 1132544K
  class space    used 11673K, capacity 12495K, committed 12632K, reserved 1048576K
}
Event: 5869.804 GC heap before
{Heap before GC invocations=29 (full 4):
 PSYoungGen      total 422912K, used 416183K [0x00000000e0000000, 0x00000000fef00000, 0x0000000100000000)
  eden space 355328K, 100% used [0x00000000e0000000,0x00000000f5b00000,0x00000000f5b00000)
  from space 67584K, 90% used [0x00000000faa80000,0x00000000fe5edd78,0x00000000fec80000)
  to   space 75776K, 0% used [0x00000000f5b00000,0x00000000f5b00000,0x00000000fa500000)
 ParOldGen       total 268288K, used 130068K [0x00000000a0000000, 0x00000000b0600000, 0x00000000e0000000)
  object space 268288K, 48% used [0x00000000a0000000,0x00000000a7f05270,0x00000000b0600000)
 Metaspace       used 91384K, capacity 96074K, committed 96344K, reserved 1132544K
  class space    used 11709K, capacity 12558K, committed 12632K, reserved 1048576K
Event: 5869.816 GC heap after
Heap after GC invocations=29 (full 4):
 PSYoungGen      total 363520K, used 20588K [0x00000000e0000000, 0x00000000fdd80000, 0x0000000100000000)
  eden space 342528K, 0% used [0x00000000e0000000,0x00000000e0000000,0x00000000f4e80000)
  from space 20992K, 98% used [0x00000000f5b00000,0x00000000f6f1b0b0,0x00000000f6f80000)
  to   space 73216K, 0% used [0x00000000f9600000,0x00000000f9600000,0x00000000fdd80000)
 ParOldGen       total 268288K, used 130076K [0x00000000a0000000, 0x00000000b0600000, 0x00000000e0000000)
  object space 268288K, 48% used [0x00000000a0000000,0x00000000a7f07270,0x00000000b0600000)
 Metaspace       used 91384K, capacity 96074K, committed 96344K, reserved 1132544K
  class space    used 11709K, capacity 12558K, committed 12632K, reserved 1048576K
}

