# JRE version: OpenJDK Runtime Environment (8.0_212-b04) (build 1.8.0_212-release-1586-b04)
# Java VM: OpenJDK 64-Bit Server VM (25.212-b04 mixed mode windows-amd64 compressed oops)
Heap:
 PSYoungGen      total 237568K, used 189947K [0x00000000e0000000, 0x00000000f1680000, 0x0000000100000000)
  eden space 189952K, 89% used [0x00000000e0000000,0x00000000ea59fd78,0x00000000eb980000)
  from space 47616K, 42% used [0x00000000eb980000,0x00000000ecd5ef98,0x00000000ee800000)
  to   space 42496K, 0% used [0x00000000eed00000,0x00000000eed00000,0x00000000f1680000)
 ParOldGen       total 271360K, used 99872K [0x00000000a0000000, 0x00000000b0900000, 0x00000000e0000000)
  object space 271360K, 36% used [0x00000000a0000000,0x00000000a6188388,0x00000000b0900000)
 Metaspace       used 75156K, capacity 77576K, committed 77864K, reserved 1116160K
  class space    used 9862K, capacity 10407K, committed 10536K, reserved 1048576K
GC Heap History (10 events):
Event: 14.075 GC heap before
{Heap before GC invocations=17 (full 3):
 PSYoungGen      total 186368K, used 180129K [0x00000000e0000000, 0x00000000ee200000, 0x0000000100000000)
  eden space 168960K, 99% used [0x00000000e0000000,0x00000000ea4939b0,0x00000000ea500000)
  from space 17408K, 66% used [0x00000000ea500000,0x00000000eb054a68,0x00000000eb600000)
  to   space 17408K, 0% used [0x00000000ed100000,0x00000000ed100000,0x00000000ee200000)
 ParOldGen       total 136192K, used 32436K [0x00000000a0000000, 0x00000000a8500000, 0x00000000e0000000)
  object space 136192K, 23% used [0x00000000a0000000,0x00000000a1fad098,0x00000000a8500000)
 Metaspace       used 63498K, capacity 66062K, committed 66344K, reserved 1105920K
  class space    used 8594K, capacity 9156K, committed 9256K, reserved 1048576K
Event: 14.108 GC heap after
Heap after GC invocations=17 (full 3):
 PSYoungGen      total 181248K, used 17386K [0x00000000e0000000, 0x00000000f2680000, 0x0000000100000000)
  eden space 163840K, 0% used [0x00000000e0000000,0x00000000e0000000,0x00000000ea000000)
  from space 17408K, 99% used [0x00000000ed100000,0x00000000ee1fa9f8,0x00000000ee200000)
  to   space 50176K, 0% used [0x00000000ea000000,0x00000000ea000000,0x00000000ed100000)
 ParOldGen       total 136192K, used 115671K [0x00000000a0000000, 0x00000000a8500000, 0x00000000e0000000)
  object space 136192K, 84% used [0x00000000a0000000,0x00000000a70f5eb0,0x00000000a8500000)
 Metaspace       used 63498K, capacity 66062K, committed 66344K, reserved 1105920K
  class space    used 8594K, capacity 9156K, committed 9256K, reserved 1048576K
}
Event: 14.108 GC heap before
{Heap before GC invocations=18 (full 4):
 PSYoungGen      total 181248K, used 17386K [0x00000000e0000000, 0x00000000f2680000, 0x0000000100000000)
  eden space 163840K, 0% used [0x00000000e0000000,0x00000000e0000000,0x00000000ea000000)
  from space 17408K, 99% used [0x00000000ed100000,0x00000000ee1fa9f8,0x00000000ee200000)
  to   space 50176K, 0% used [0x00000000ea000000,0x00000000ea000000,0x00000000ed100000)
 ParOldGen       total 136192K, used 115671K [0x00000000a0000000, 0x00000000a8500000, 0x00000000e0000000)
  object space 136192K, 84% used [0x00000000a0000000,0x00000000a70f5eb0,0x00000000a8500000)
 Metaspace       used 63498K, capacity 66062K, committed 66344K, reserved 1105920K
  class space    used 8594K, capacity 9156K, committed 9256K, reserved 1048576K
Event: 14.189 GC heap after
Heap after GC invocations=18 (full 4):
 PSYoungGen      total 181248K, used 0K [0x00000000e0000000, 0x00000000f2680000, 0x0000000100000000)
  eden space 163840K, 0% used [0x00000000e0000000,0x00000000e0000000,0x00000000ea000000)
  from space 17408K, 0% used [0x00000000ed100000,0x00000000ed100000,0x00000000ee200000)
  to   space 50176K, 0% used [0x00000000ea000000,0x00000000ea000000,0x00000000ed100000)
 ParOldGen       total 271360K, used 99848K [0x00000000a0000000, 0x00000000b0900000, 0x00000000e0000000)
  object space 271360K, 36% used [0x00000000a0000000,0x00000000a6182388,0x00000000b0900000)
 Metaspace       used 63247K, capacity 65374K, committed 66344K, reserved 1105920K
  class space    used 8510K, capacity 9008K, committed 9256K, reserved 1048576K
}
Event: 16.378 GC heap before
{Heap before GC invocations=19 (full 4):
 PSYoungGen      total 181248K, used 163840K [0x00000000e0000000, 0x00000000f2680000, 0x0000000100000000)
  eden space 163840K, 100% used [0x00000000e0000000,0x00000000ea000000,0x00000000ea000000)
  from space 17408K, 0% used [0x00000000ed100000,0x00000000ed100000,0x00000000ee200000)
  to   space 50176K, 0% used [0x00000000ea000000,0x00000000ea000000,0x00000000ed100000)
 ParOldGen       total 271360K, used 99848K [0x00000000a0000000, 0x00000000b0900000, 0x00000000e0000000)
  object space 271360K, 36% used [0x00000000a0000000,0x00000000a6182388,0x00000000b0900000)
 Metaspace       used 63573K, capacity 65694K, committed 66600K, reserved 1105920K
  class space    used 8513K, capacity 9008K, committed 9256K, reserved 1048576K
Event: 16.385 GC heap after
Heap after GC invocations=19 (full 4):
 PSYoungGen      total 214016K, used 13500K [0x00000000e0000000, 0x00000000f1c00000, 0x0000000100000000)
  eden space 163840K, 0% used [0x00000000e0000000,0x00000000e0000000,0x00000000ea000000)
  from space 50176K, 26% used [0x00000000ea000000,0x00000000ead2f1c0,0x00000000ed100000)
  to   space 48128K, 0% used [0x00000000eed00000,0x00000000eed00000,0x00000000f1c00000)
 ParOldGen       total 271360K, used 99856K [0x00000000a0000000, 0x00000000b0900000, 0x00000000e0000000)
  object space 271360K, 36% used [0x00000000a0000000,0x00000000a6184388,0x00000000b0900000)
 Metaspace       used 63573K, capacity 65694K, committed 66600K, reserved 1105920K
  class space    used 8513K, capacity 9008K, committed 9256K, reserved 1048576K
}
Event: 17.962 GC heap before
{Heap before GC invocations=20 (full 4):
 PSYoungGen      total 214016K, used 177336K [0x00000000e0000000, 0x00000000f1c00000, 0x0000000100000000)
  eden space 163840K, 99% used [0x00000000e0000000,0x00000000e9ffeeb8,0x00000000ea000000)
  from space 50176K, 26% used [0x00000000ea000000,0x00000000ead2f1c0,0x00000000ed100000)
  to   space 48128K, 0% used [0x00000000eed00000,0x00000000eed00000,0x00000000f1c00000)
 ParOldGen       total 271360K, used 99856K [0x00000000a0000000, 0x00000000b0900000, 0x00000000e0000000)
  object space 271360K, 36% used [0x00000000a0000000,0x00000000a6184388,0x00000000b0900000)
 Metaspace       used 63683K, capacity 65822K, committed 66856K, reserved 1107968K
  class space    used 8513K, capacity 9008K, committed 9256K, reserved 1048576K
Event: 17.965 GC heap after
Heap after GC invocations=20 (full 4):
 PSYoungGen      total 232448K, used 3607K [0x00000000e0000000, 0x00000000f1680000, 0x0000000100000000)
  eden space 189952K, 0% used [0x00000000e0000000,0x00000000e0000000,0x00000000eb980000)
  from space 42496K, 8% used [0x00000000eed00000,0x00000000ef085e70,0x00000000f1680000)
  to   space 47616K, 0% used [0x00000000eb980000,0x00000000eb980000,0x00000000ee800000)
 ParOldGen       total 271360K, used 99864K [0x00000000a0000000, 0x00000000b0900000, 0x00000000e0000000)
  object space 271360K, 36% used [0x00000000a0000000,0x00000000a6186388,0x00000000b0900000)
 Metaspace       used 63683K, capacity 65822K, committed 66856K, reserved 1107968K
  class space    used 8513K, capacity 9008K, committed 9256K, reserved 1048576K
}
Event: 24.263 GC heap before
{Heap before GC invocations=21 (full 4):
 PSYoungGen      total 232448K, used 193559K [0x00000000e0000000, 0x00000000f1680000, 0x0000000100000000)
  eden space 189952K, 100% used [0x00000000e0000000,0x00000000eb980000,0x00000000eb980000)
  from space 42496K, 8% used [0x00000000eed00000,0x00000000ef085e70,0x00000000f1680000)
  to   space 47616K, 0% used [0x00000000eb980000,0x00000000eb980000,0x00000000ee800000)
 ParOldGen       total 271360K, used 99864K [0x00000000a0000000, 0x00000000b0900000, 0x00000000e0000000)
  object space 271360K, 36% used [0x00000000a0000000,0x00000000a6186388,0x00000000b0900000)
 Metaspace       used 67773K, capacity 70038K, committed 70568K, reserved 1110016K
  class space    used 8978K, capacity 9484K, committed 9640K, reserved 1048576K
Event: 24.278 GC heap after
Heap after GC invocations=21 (full 4):
 PSYoungGen      total 237568K, used 20347K [0x00000000e0000000, 0x00000000f1680000, 0x0000000100000000)
  eden space 189952K, 0% used [0x00000000e0000000,0x00000000e0000000,0x00000000eb980000)
  from space 47616K, 42% used [0x00000000eb980000,0x00000000ecd5ef98,0x00000000ee800000)
  to   space 42496K, 0% used [0x00000000eed00000,0x00000000eed00000,0x00000000f1680000)
 ParOldGen       total 271360K, used 99872K [0x00000000a0000000, 0x00000000b0900000, 0x00000000e0000000)
  object space 271360K, 36% used [0x00000000a0000000,0x00000000a6188388,0x00000000b0900000)
 Metaspace       used 67773K, capacity 70038K, committed 70568K, reserved 1110016K
  class space    used 8978K, capacity 9484K, committed 9640K, reserved 1048576K
}

