# JRE version: OpenJDK Runtime Environment (8.0_242-b01) (build 1.8.0_242-release-1644-b01)
# Java VM: OpenJDK 64-Bit Server VM (25.242-b01 mixed mode windows-amd64 compressed oops)
Heap:
 PSYoungGen      total 326656K, used 259619K [0x00000000e0000000, 0x00000000fca80000, 0x0000000100000000)
  eden space 242176K, 75% used [0x00000000e0000000,0x00000000eb2bf610,0x00000000eec80000)
  from space 84480K, 90% used [0x00000000eec80000,0x00000000f37496e8,0x00000000f3f00000)
  to   space 96768K, 0% used [0x00000000f6c00000,0x00000000f6c00000,0x00000000fca80000)
 ParOldGen       total 234496K, used 68856K [0x00000000a0000000, 0x00000000ae500000, 0x00000000e0000000)
  object space 234496K, 29% used [0x00000000a0000000,0x00000000a433e390,0x00000000ae500000)
 Metaspace       used 83635K, capacity 87314K, committed 87512K, reserved 1124352K
  class space    used 11192K, capacity 11914K, committed 11992K, reserved 1048576K
GC Heap History (10 events):
Event: 68.158 GC heap before
{Heap before GC invocations=26 (full 4):
 PSYoungGen      total 253440K, used 253430K [0x00000000e0000000, 0x00000000f5d00000, 0x0000000100000000)
  eden space 202240K, 100% used [0x00000000e0000000,0x00000000ec580000,0x00000000ec580000)
  from space 51200K, 99% used [0x00000000ec580000,0x00000000ef77dbd0,0x00000000ef780000)
  to   space 61440K, 0% used [0x00000000f2100000,0x00000000f2100000,0x00000000f5d00000)
 ParOldGen       total 244224K, used 121146K [0x00000000a0000000, 0x00000000aee80000, 0x00000000e0000000)
  object space 244224K, 49% used [0x00000000a0000000,0x00000000a764eb00,0x00000000aee80000)
 Metaspace       used 82010K, capacity 85246K, committed 85592K, reserved 1122304K
  class space    used 11099K, capacity 11750K, committed 11864K, reserved 1048576K
Event: 68.266 GC heap after
Heap after GC invocations=26 (full 4):
 PSYoungGen      total 268288K, used 61414K [0x00000000e0000000, 0x00000000f9a80000, 0x0000000100000000)
  eden space 206848K, 0% used [0x00000000e0000000,0x00000000e0000000,0x00000000eca00000)
  from space 61440K, 99% used [0x00000000f2100000,0x00000000f5cf9bd0,0x00000000f5d00000)
  to   space 89088K, 0% used [0x00000000eca00000,0x00000000eca00000,0x00000000f2100000)
 ParOldGen       total 244224K, used 167808K [0x00000000a0000000, 0x00000000aee80000, 0x00000000e0000000)
  object space 244224K, 68% used [0x00000000a0000000,0x00000000aa3e01b8,0x00000000aee80000)
 Metaspace       used 82010K, capacity 85246K, committed 85592K, reserved 1122304K
  class space    used 11099K, capacity 11750K, committed 11864K, reserved 1048576K
}
Event: 74.225 GC heap before
{Heap before GC invocations=27 (full 4):
 PSYoungGen      total 268288K, used 268262K [0x00000000e0000000, 0x00000000f9a80000, 0x0000000100000000)
  eden space 206848K, 100% used [0x00000000e0000000,0x00000000eca00000,0x00000000eca00000)
  from space 61440K, 99% used [0x00000000f2100000,0x00000000f5cf9bd0,0x00000000f5d00000)
  to   space 89088K, 0% used [0x00000000eca00000,0x00000000eca00000,0x00000000f2100000)
 ParOldGen       total 244224K, used 167808K [0x00000000a0000000, 0x00000000aee80000, 0x00000000e0000000)
  object space 244224K, 68% used [0x00000000a0000000,0x00000000aa3e01b8,0x00000000aee80000)
 Metaspace       used 82528K, capacity 85820K, committed 86104K, reserved 1124352K
  class space    used 11116K, capacity 11807K, committed 11864K, reserved 1048576K
Event: 74.273 GC heap after
Heap after GC invocations=27 (full 4):
 PSYoungGen      total 295936K, used 16179K [0x00000000e0000000, 0x00000000f9500000, 0x0000000100000000)
  eden space 206848K, 0% used [0x00000000e0000000,0x00000000e0000000,0x00000000eca00000)
  from space 89088K, 18% used [0x00000000eca00000,0x00000000ed9cced0,0x00000000f2100000)
  to   space 86016K, 0% used [0x00000000f4100000,0x00000000f4100000,0x00000000f9500000)
 ParOldGen       total 244224K, used 204076K [0x00000000a0000000, 0x00000000aee80000, 0x00000000e0000000)
  object space 244224K, 83% used [0x00000000a0000000,0x00000000ac74b3b0,0x00000000aee80000)
 Metaspace       used 82528K, capacity 85820K, committed 86104K, reserved 1124352K
  class space    used 11116K, capacity 11807K, committed 11864K, reserved 1048576K
}
Event: 74.273 GC heap before
{Heap before GC invocations=28 (full 5):
 PSYoungGen      total 295936K, used 16179K [0x00000000e0000000, 0x00000000f9500000, 0x0000000100000000)
  eden space 206848K, 0% used [0x00000000e0000000,0x00000000e0000000,0x00000000eca00000)
  from space 89088K, 18% used [0x00000000eca00000,0x00000000ed9cced0,0x00000000f2100000)
  to   space 86016K, 0% used [0x00000000f4100000,0x00000000f4100000,0x00000000f9500000)
 ParOldGen       total 244224K, used 204076K [0x00000000a0000000, 0x00000000aee80000, 0x00000000e0000000)
  object space 244224K, 83% used [0x00000000a0000000,0x00000000ac74b3b0,0x00000000aee80000)
 Metaspace       used 82528K, capacity 85820K, committed 86104K, reserved 1124352K
  class space    used 11116K, capacity 11807K, committed 11864K, reserved 1048576K
Event: 74.373 GC heap after
Heap after GC invocations=28 (full 5):
 PSYoungGen      total 295936K, used 0K [0x00000000e0000000, 0x00000000f9500000, 0x0000000100000000)
  eden space 206848K, 0% used [0x00000000e0000000,0x00000000e0000000,0x00000000eca00000)
  from space 89088K, 0% used [0x00000000eca00000,0x00000000eca00000,0x00000000f2100000)
  to   space 86016K, 0% used [0x00000000f4100000,0x00000000f4100000,0x00000000f9500000)
 ParOldGen       total 234496K, used 68840K [0x00000000a0000000, 0x00000000ae500000, 0x00000000e0000000)
  object space 234496K, 29% used [0x00000000a0000000,0x00000000a433a390,0x00000000ae500000)
 Metaspace       used 82528K, capacity 85820K, committed 86104K, reserved 1124352K
  class space    used 11116K, capacity 11807K, committed 11864K, reserved 1048576K
}
Event: 180.362 GC heap before
{Heap before GC invocations=29 (full 5):
 PSYoungGen      total 295936K, used 206848K [0x00000000e0000000, 0x00000000f9500000, 0x0000000100000000)
  eden space 206848K, 100% used [0x00000000e0000000,0x00000000eca00000,0x00000000eca00000)
  from space 89088K, 0% used [0x00000000eca00000,0x00000000eca00000,0x00000000f2100000)
  to   space 86016K, 0% used [0x00000000f4100000,0x00000000f4100000,0x00000000f9500000)
 ParOldGen       total 234496K, used 68840K [0x00000000a0000000, 0x00000000ae500000, 0x00000000e0000000)
  object space 234496K, 29% used [0x00000000a0000000,0x00000000a433a390,0x00000000ae500000)
 Metaspace       used 83171K, capacity 86710K, committed 87000K, reserved 1124352K
  class space    used 11155K, capacity 11878K, committed 11992K, reserved 1048576K
Event: 180.369 GC heap after
Heap after GC invocations=29 (full 5):
 PSYoungGen      total 324608K, used 7760K [0x00000000e0000000, 0x00000000f9180000, 0x0000000100000000)
  eden space 242176K, 0% used [0x00000000e0000000,0x00000000e0000000,0x00000000eec80000)
  from space 82432K, 9% used [0x00000000f4100000,0x00000000f4894020,0x00000000f9180000)
  to   space 84480K, 0% used [0x00000000eec80000,0x00000000eec80000,0x00000000f3f00000)
 ParOldGen       total 234496K, used 68848K [0x00000000a0000000, 0x00000000ae500000, 0x00000000e0000000)
  object space 234496K, 29% used [0x00000000a0000000,0x00000000a433c390,0x00000000ae500000)
 Metaspace       used 83171K, capacity 86710K, committed 87000K, reserved 1124352K
  class space    used 11155K, capacity 11878K, committed 11992K, reserved 1048576K
}
Event: 181.327 GC heap before
{Heap before GC invocations=30 (full 5):
 PSYoungGen      total 324608K, used 249936K [0x00000000e0000000, 0x00000000f9180000, 0x0000000100000000)
  eden space 242176K, 100% used [0x00000000e0000000,0x00000000eec80000,0x00000000eec80000)
  from space 82432K, 9% used [0x00000000f4100000,0x00000000f4894020,0x00000000f9180000)
  to   space 84480K, 0% used [0x00000000eec80000,0x00000000eec80000,0x00000000f3f00000)
 ParOldGen       total 234496K, used 68848K [0x00000000a0000000, 0x00000000ae500000, 0x00000000e0000000)
  object space 234496K, 29% used [0x00000000a0000000,0x00000000a433c390,0x00000000ae500000)
 Metaspace       used 83401K, capacity 87012K, committed 87256K, reserved 1124352K
  class space    used 11159K, capacity 11885K, committed 11992K, reserved 1048576K
Event: 181.382 GC heap after
Heap after GC invocations=30 (full 5):
 PSYoungGen      total 326656K, used 76581K [0x00000000e0000000, 0x00000000fca80000, 0x0000000100000000)
  eden space 242176K, 0% used [0x00000000e0000000,0x00000000e0000000,0x00000000eec80000)
  from space 84480K, 90% used [0x00000000eec80000,0x00000000f37496e8,0x00000000f3f00000)
  to   space 96768K, 0% used [0x00000000f6c00000,0x00000000f6c00000,0x00000000fca80000)
 ParOldGen       total 234496K, used 68856K [0x00000000a0000000, 0x00000000ae500000, 0x00000000e0000000)
  object space 234496K, 29% used [0x00000000a0000000,0x00000000a433e390,0x00000000ae500000)
 Metaspace       used 83401K, capacity 87012K, committed 87256K, reserved 1124352K
  class space    used 11159K, capacity 11885K, committed 11992K, reserved 1048576K
}

