# JRE version: OpenJDK Runtime Environment (8.0_242-b01) (build 1.8.0_242-release-1644-b01)
# Java VM: OpenJDK 64-Bit Server VM (25.242-b01 mixed mode windows-amd64 compressed oops)
Heap:
 PSYoungGen      total 280064K, used 73914K [0x00000000e0000000, 0x00000000f6500000, 0x0000000100000000)
  eden space 222208K, 15% used [0x00000000e0000000,0x00000000e21e1a08,0x00000000ed900000)
  from space 57856K, 67% used [0x00000000f2c80000,0x00000000f52ccf70,0x00000000f6500000)
  to   space 53248K, 0% used [0x00000000ed900000,0x00000000ed900000,0x00000000f0d00000)
 ParOldGen       total 227840K, used 120769K [0x00000000a0000000, 0x00000000ade80000, 0x00000000e0000000)
  object space 227840K, 53% used [0x00000000a0000000,0x00000000a75f0530,0x00000000ade80000)
 Metaspace       used 111204K, capacity 116995K, committed 117120K, reserved 1150976K
  class space    used 14284K, capacity 15392K, committed 15488K, reserved 1048576K
GC Heap History (10 events):
Event: 328.769 GC heap before
{Heap before GC invocations=29 (full 4):
 PSYoungGen      total 239616K, used 196850K [0x00000000e0000000, 0x00000000f2900000, 0x0000000100000000)
  eden space 187392K, 100% used [0x00000000e0000000,0x00000000eb700000,0x00000000eb700000)
  from space 52224K, 18% used [0x00000000ef600000,0x00000000eff3c930,0x00000000f2900000)
  to   space 58368K, 0% used [0x00000000eb700000,0x00000000eb700000,0x00000000ef000000)
 ParOldGen       total 227840K, used 120713K [0x00000000a0000000, 0x00000000ade80000, 0x00000000e0000000)
  object space 227840K, 52% used [0x00000000a0000000,0x00000000a75e2530,0x00000000ade80000)
 Metaspace       used 94390K, capacity 98119K, committed 98688K, reserved 1134592K
  class space    used 12025K, capacity 12792K, committed 12928K, reserved 1048576K
Event: 328.775 GC heap after
Heap after GC invocations=29 (full 4):
 PSYoungGen      total 245760K, used 5891K [0x00000000e0000000, 0x00000000f3a80000, 0x0000000100000000)
  eden space 187392K, 0% used [0x00000000e0000000,0x00000000e0000000,0x00000000eb700000)
  from space 58368K, 10% used [0x00000000eb700000,0x00000000ebcc0f78,0x00000000ef000000)
  to   space 57856K, 0% used [0x00000000f0200000,0x00000000f0200000,0x00000000f3a80000)
 ParOldGen       total 227840K, used 120721K [0x00000000a0000000, 0x00000000ade80000, 0x00000000e0000000)
  object space 227840K, 52% used [0x00000000a0000000,0x00000000a75e4530,0x00000000ade80000)
 Metaspace       used 94390K, capacity 98119K, committed 98688K, reserved 1134592K
  class space    used 12025K, capacity 12792K, committed 12928K, reserved 1048576K
}
Event: 332.484 GC heap before
{Heap before GC invocations=30 (full 4):
 PSYoungGen      total 245760K, used 193283K [0x00000000e0000000, 0x00000000f3a80000, 0x0000000100000000)
  eden space 187392K, 100% used [0x00000000e0000000,0x00000000eb700000,0x00000000eb700000)
  from space 58368K, 10% used [0x00000000eb700000,0x00000000ebcc0f78,0x00000000ef000000)
  to   space 57856K, 0% used [0x00000000f0200000,0x00000000f0200000,0x00000000f3a80000)
 ParOldGen       total 227840K, used 120721K [0x00000000a0000000, 0x00000000ade80000, 0x00000000e0000000)
  object space 227840K, 52% used [0x00000000a0000000,0x00000000a75e4530,0x00000000ade80000)
 Metaspace       used 100201K, capacity 104207K, committed 104576K, reserved 1140736K
  class space    used 12721K, capacity 13580K, committed 13696K, reserved 1048576K
Event: 332.503 GC heap after
Heap after GC invocations=30 (full 4):
 PSYoungGen      total 256000K, used 11798K [0x00000000e0000000, 0x00000000f3400000, 0x0000000100000000)
  eden space 204800K, 0% used [0x00000000e0000000,0x00000000e0000000,0x00000000ec800000)
  from space 51200K, 23% used [0x00000000f0200000,0x00000000f0d859d8,0x00000000f3400000)
  to   space 55296K, 0% used [0x00000000ec800000,0x00000000ec800000,0x00000000efe00000)
 ParOldGen       total 227840K, used 120729K [0x00000000a0000000, 0x00000000ade80000, 0x00000000e0000000)
  object space 227840K, 52% used [0x00000000a0000000,0x00000000a75e6530,0x00000000ade80000)
 Metaspace       used 100201K, capacity 104207K, committed 104576K, reserved 1140736K
  class space    used 12721K, capacity 13580K, committed 13696K, reserved 1048576K
}
Event: 335.388 GC heap before
{Heap before GC invocations=31 (full 4):
 PSYoungGen      total 256000K, used 216598K [0x00000000e0000000, 0x00000000f3400000, 0x0000000100000000)
  eden space 204800K, 100% used [0x00000000e0000000,0x00000000ec800000,0x00000000ec800000)
  from space 51200K, 23% used [0x00000000f0200000,0x00000000f0d859d8,0x00000000f3400000)
  to   space 55296K, 0% used [0x00000000ec800000,0x00000000ec800000,0x00000000efe00000)
 ParOldGen       total 227840K, used 120729K [0x00000000a0000000, 0x00000000ade80000, 0x00000000e0000000)
  object space 227840K, 52% used [0x00000000a0000000,0x00000000a75e6530,0x00000000ade80000)
 Metaspace       used 100678K, capacity 104751K, committed 105088K, reserved 1140736K
  class space    used 12780K, capacity 13632K, committed 13696K, reserved 1048576K
Event: 335.402 GC heap after
Heap after GC invocations=31 (full 4):
 PSYoungGen      total 260096K, used 15088K [0x00000000e0000000, 0x00000000f4080000, 0x0000000100000000)
  eden space 204800K, 0% used [0x00000000e0000000,0x00000000e0000000,0x00000000ec800000)
  from space 55296K, 27% used [0x00000000ec800000,0x00000000ed6bc298,0x00000000efe00000)
  to   space 52736K, 0% used [0x00000000f0d00000,0x00000000f0d00000,0x00000000f4080000)
 ParOldGen       total 227840K, used 120737K [0x00000000a0000000, 0x00000000ade80000, 0x00000000e0000000)
  object space 227840K, 52% used [0x00000000a0000000,0x00000000a75e8530,0x00000000ade80000)
 Metaspace       used 100678K, capacity 104751K, committed 105088K, reserved 1140736K
  class space    used 12780K, capacity 13632K, committed 13696K, reserved 1048576K
}
Event: 337.536 GC heap before
{Heap before GC invocations=32 (full 4):
 PSYoungGen      total 260096K, used 219888K [0x00000000e0000000, 0x00000000f4080000, 0x0000000100000000)
  eden space 204800K, 100% used [0x00000000e0000000,0x00000000ec800000,0x00000000ec800000)
  from space 55296K, 27% used [0x00000000ec800000,0x00000000ed6bc298,0x00000000efe00000)
  to   space 52736K, 0% used [0x00000000f0d00000,0x00000000f0d00000,0x00000000f4080000)
 ParOldGen       total 227840K, used 120737K [0x00000000a0000000, 0x00000000ade80000, 0x00000000e0000000)
  object space 227840K, 52% used [0x00000000a0000000,0x00000000a75e8530,0x00000000ade80000)
 Metaspace       used 109423K, capacity 114925K, committed 115072K, reserved 1148928K
  class space    used 14123K, capacity 15191K, committed 15232K, reserved 1048576K
Event: 337.564 GC heap after
Heap after GC invocations=32 (full 4):
 PSYoungGen      total 274944K, used 30056K [0x00000000e0000000, 0x00000000f4400000, 0x0000000100000000)
  eden space 222208K, 0% used [0x00000000e0000000,0x00000000e0000000,0x00000000ed900000)
  from space 52736K, 56% used [0x00000000f0d00000,0x00000000f2a5a308,0x00000000f4080000)
  to   space 53248K, 0% used [0x00000000ed900000,0x00000000ed900000,0x00000000f0d00000)
 ParOldGen       total 227840K, used 120753K [0x00000000a0000000, 0x00000000ade80000, 0x00000000e0000000)
  object space 227840K, 52% used [0x00000000a0000000,0x00000000a75ec530,0x00000000ade80000)
 Metaspace       used 109423K, capacity 114925K, committed 115072K, reserved 1148928K
  class space    used 14123K, capacity 15191K, committed 15232K, reserved 1048576K
}
Event: 338.841 GC heap before
{Heap before GC invocations=33 (full 4):
 PSYoungGen      total 274944K, used 252264K [0x00000000e0000000, 0x00000000f4400000, 0x0000000100000000)
  eden space 222208K, 100% used [0x00000000e0000000,0x00000000ed900000,0x00000000ed900000)
  from space 52736K, 56% used [0x00000000f0d00000,0x00000000f2a5a308,0x00000000f4080000)
  to   space 53248K, 0% used [0x00000000ed900000,0x00000000ed900000,0x00000000f0d00000)
 ParOldGen       total 227840K, used 120753K [0x00000000a0000000, 0x00000000ade80000, 0x00000000e0000000)
  object space 227840K, 52% used [0x00000000a0000000,0x00000000a75ec530,0x00000000ade80000)
 Metaspace       used 110749K, capacity 116557K, committed 116864K, reserved 1150976K
  class space    used 14256K, capacity 15383K, committed 15488K, reserved 1048576K
Event: 338.868 GC heap after
Heap after GC invocations=33 (full 4):
 PSYoungGen      total 275456K, used 41045K [0x00000000e0000000, 0x00000000f6500000, 0x0000000100000000)
  eden space 222208K, 0% used [0x00000000e0000000,0x00000000e0000000,0x00000000ed900000)
  from space 53248K, 77% used [0x00000000ed900000,0x00000000f01157b0,0x00000000f0d00000)
  to   space 57856K, 0% used [0x00000000f2c80000,0x00000000f2c80000,0x00000000f6500000)
 ParOldGen       total 227840K, used 120761K [0x00000000a0000000, 0x00000000ade80000, 0x00000000e0000000)
  object space 227840K, 53% used [0x00000000a0000000,0x00000000a75ee530,0x00000000ade80000)
 Metaspace       used 110749K, capacity 116557K, committed 116864K, reserved 1150976K
  class space    used 14256K, capacity 15383K, committed 15488K, reserved 1048576K
}

