# JRE version: OpenJDK Runtime Environment (8.0_212-b04) (build 1.8.0_212-release-1586-b04)
# Java VM: OpenJDK 64-Bit Server VM (25.212-b04 mixed mode windows-amd64 compressed oops)
Heap:
 PSYoungGen      total 304128K, used 108263K [0x00000000e0000000, 0x00000000f3f00000, 0x0000000100000000)
  eden space 281600K, 31% used [0x00000000e0000000,0x00000000e5549b38,0x00000000f1300000)
  from space 22528K, 92% used [0x00000000f1300000,0x00000000f27704c0,0x00000000f2900000)
  to   space 15872K, 0% used [0x00000000f2f80000,0x00000000f2f80000,0x00000000f3f00000)
 ParOldGen       total 104448K, used 46196K [0x00000000a0000000, 0x00000000a6600000, 0x00000000e0000000)
  object space 104448K, 44% used [0x00000000a0000000,0x00000000a2d1d378,0x00000000a6600000)
 Metaspace       used 72833K, capacity 75538K, committed 75688K, reserved 1114112K
  class space    used 9536K, capacity 10120K, committed 10152K, reserved 1048576K
GC Heap History (10 events):
Event: 9.775 GC heap before
{Heap before GC invocations=14 (full 2):
 PSYoungGen      total 171008K, used 18064K [0x00000000e0000000, 0x00000000ee700000, 0x0000000100000000)
  eden space 156160K, 2% used [0x00000000e0000000,0x00000000e0328830,0x00000000e9880000)
  from space 14848K, 99% used [0x00000000e9880000,0x00000000ea6fba18,0x00000000ea700000)
  to   space 19968K, 0% used [0x00000000ed380000,0x00000000ed380000,0x00000000ee700000)
 ParOldGen       total 80896K, used 27371K [0x00000000a0000000, 0x00000000a4f00000, 0x00000000e0000000)
  object space 80896K, 33% used [0x00000000a0000000,0x00000000a1abae20,0x00000000a4f00000)
 Metaspace       used 57346K, capacity 59142K, committed 59160K, reserved 1099776K
  class space    used 7917K, capacity 8354K, committed 8360K, reserved 1048576K
Event: 9.783 GC heap after
Heap after GC invocations=14 (full 2):
 PSYoungGen      total 216064K, used 224K [0x00000000e0000000, 0x00000000f1380000, 0x0000000100000000)
  eden space 196096K, 0% used [0x00000000e0000000,0x00000000e0000000,0x00000000ebf80000)
  from space 19968K, 1% used [0x00000000ed380000,0x00000000ed3b8000,0x00000000ee700000)
  to   space 20480K, 0% used [0x00000000ebf80000,0x00000000ebf80000,0x00000000ed380000)
 ParOldGen       total 80896K, used 36342K [0x00000000a0000000, 0x00000000a4f00000, 0x00000000e0000000)
  object space 80896K, 44% used [0x00000000a0000000,0x00000000a237d8d0,0x00000000a4f00000)
 Metaspace       used 57346K, capacity 59142K, committed 59160K, reserved 1099776K
  class space    used 7917K, capacity 8354K, committed 8360K, reserved 1048576K
}
Event: 9.783 GC heap before
{Heap before GC invocations=15 (full 3):
 PSYoungGen      total 216064K, used 224K [0x00000000e0000000, 0x00000000f1380000, 0x0000000100000000)
  eden space 196096K, 0% used [0x00000000e0000000,0x00000000e0000000,0x00000000ebf80000)
  from space 19968K, 1% used [0x00000000ed380000,0x00000000ed3b8000,0x00000000ee700000)
  to   space 20480K, 0% used [0x00000000ebf80000,0x00000000ebf80000,0x00000000ed380000)
 ParOldGen       total 80896K, used 36342K [0x00000000a0000000, 0x00000000a4f00000, 0x00000000e0000000)
  object space 80896K, 44% used [0x00000000a0000000,0x00000000a237d8d0,0x00000000a4f00000)
 Metaspace       used 57346K, capacity 59142K, committed 59160K, reserved 1099776K
  class space    used 7917K, capacity 8354K, committed 8360K, reserved 1048576K
Event: 9.958 GC heap after
Heap after GC invocations=15 (full 3):
 PSYoungGen      total 216064K, used 0K [0x00000000e0000000, 0x00000000f1380000, 0x0000000100000000)
  eden space 196096K, 0% used [0x00000000e0000000,0x00000000e0000000,0x00000000ebf80000)
  from space 19968K, 0% used [0x00000000ed380000,0x00000000ed380000,0x00000000ee700000)
  to   space 20480K, 0% used [0x00000000ebf80000,0x00000000ebf80000,0x00000000ed380000)
 ParOldGen       total 104448K, used 29965K [0x00000000a0000000, 0x00000000a6600000, 0x00000000e0000000)
  object space 104448K, 28% used [0x00000000a0000000,0x00000000a1d434c0,0x00000000a6600000)
 Metaspace       used 57346K, capacity 59142K, committed 59160K, reserved 1099776K
  class space    used 7917K, capacity 8354K, committed 8360K, reserved 1048576K
}
Event: 15.335 GC heap before
{Heap before GC invocations=16 (full 3):
 PSYoungGen      total 216064K, used 196096K [0x00000000e0000000, 0x00000000f1380000, 0x0000000100000000)
  eden space 196096K, 100% used [0x00000000e0000000,0x00000000ebf80000,0x00000000ebf80000)
  from space 19968K, 0% used [0x00000000ed380000,0x00000000ed380000,0x00000000ee700000)
  to   space 20480K, 0% used [0x00000000ebf80000,0x00000000ebf80000,0x00000000ed380000)
 ParOldGen       total 104448K, used 29965K [0x00000000a0000000, 0x00000000a6600000, 0x00000000e0000000)
  object space 104448K, 28% used [0x00000000a0000000,0x00000000a1d434c0,0x00000000a6600000)
 Metaspace       used 63512K, capacity 65864K, committed 66088K, reserved 1105920K
  class space    used 8689K, capacity 9209K, committed 9256K, reserved 1048576K
Event: 15.353 GC heap after
Heap after GC invocations=16 (full 3):
 PSYoungGen      total 216576K, used 18368K [0x00000000e0000000, 0x00000000f4600000, 0x0000000100000000)
  eden space 196096K, 0% used [0x00000000e0000000,0x00000000e0000000,0x00000000ebf80000)
  from space 20480K, 89% used [0x00000000ebf80000,0x00000000ed1703a0,0x00000000ed380000)
  to   space 23040K, 0% used [0x00000000f2f80000,0x00000000f2f80000,0x00000000f4600000)
 ParOldGen       total 104448K, used 29973K [0x00000000a0000000, 0x00000000a6600000, 0x00000000e0000000)
  object space 104448K, 28% used [0x00000000a0000000,0x00000000a1d454c0,0x00000000a6600000)
 Metaspace       used 63512K, capacity 65864K, committed 66088K, reserved 1105920K
  class space    used 8689K, capacity 9209K, committed 9256K, reserved 1048576K
}
Event: 27.464 GC heap before
{Heap before GC invocations=17 (full 3):
 PSYoungGen      total 216576K, used 214464K [0x00000000e0000000, 0x00000000f4600000, 0x0000000100000000)
  eden space 196096K, 100% used [0x00000000e0000000,0x00000000ebf80000,0x00000000ebf80000)
  from space 20480K, 89% used [0x00000000ebf80000,0x00000000ed1703a0,0x00000000ed380000)
  to   space 23040K, 0% used [0x00000000f2f80000,0x00000000f2f80000,0x00000000f4600000)
 ParOldGen       total 104448K, used 29973K [0x00000000a0000000, 0x00000000a6600000, 0x00000000e0000000)
  object space 104448K, 28% used [0x00000000a0000000,0x00000000a1d454c0,0x00000000a6600000)
 Metaspace       used 65093K, capacity 67562K, committed 67752K, reserved 1107968K
  class space    used 8819K, capacity 9372K, committed 9384K, reserved 1048576K
Event: 27.474 GC heap after
Heap after GC invocations=17 (full 3):
 PSYoungGen      total 297472K, used 4048K [0x00000000e0000000, 0x00000000f3f00000, 0x0000000100000000)
  eden space 281600K, 0% used [0x00000000e0000000,0x00000000e0000000,0x00000000f1300000)
  from space 15872K, 25% used [0x00000000f2f80000,0x00000000f33742f8,0x00000000f3f00000)
  to   space 22528K, 0% used [0x00000000f1300000,0x00000000f1300000,0x00000000f2900000)
 ParOldGen       total 104448K, used 44232K [0x00000000a0000000, 0x00000000a6600000, 0x00000000e0000000)
  object space 104448K, 42% used [0x00000000a0000000,0x00000000a2b322e8,0x00000000a6600000)
 Metaspace       used 65093K, capacity 67562K, committed 67752K, reserved 1107968K
  class space    used 8819K, capacity 9372K, committed 9384K, reserved 1048576K
}
Event: 37.640 GC heap before
{Heap before GC invocations=18 (full 3):
 PSYoungGen      total 297472K, used 285648K [0x00000000e0000000, 0x00000000f3f00000, 0x0000000100000000)
  eden space 281600K, 100% used [0x00000000e0000000,0x00000000f1300000,0x00000000f1300000)
  from space 15872K, 25% used [0x00000000f2f80000,0x00000000f33742f8,0x00000000f3f00000)
  to   space 22528K, 0% used [0x00000000f1300000,0x00000000f1300000,0x00000000f2900000)
 ParOldGen       total 104448K, used 44232K [0x00000000a0000000, 0x00000000a6600000, 0x00000000e0000000)
  object space 104448K, 42% used [0x00000000a0000000,0x00000000a2b322e8,0x00000000a6600000)
 Metaspace       used 72538K, capacity 75200K, committed 75432K, reserved 1114112K
  class space    used 9504K, capacity 10053K, committed 10152K, reserved 1048576K
Event: 37.670 GC heap after
Heap after GC invocations=18 (full 3):
 PSYoungGen      total 304128K, used 20929K [0x00000000e0000000, 0x00000000f3f00000, 0x0000000100000000)
  eden space 281600K, 0% used [0x00000000e0000000,0x00000000e0000000,0x00000000f1300000)
  from space 22528K, 92% used [0x00000000f1300000,0x00000000f27704c0,0x00000000f2900000)
  to   space 15872K, 0% used [0x00000000f2f80000,0x00000000f2f80000,0x00000000f3f00000)
 ParOldGen       total 104448K, used 46196K [0x00000000a0000000, 0x00000000a6600000, 0x00000000e0000000)
  object space 104448K, 44% used [0x00000000a0000000,0x00000000a2d1d378,0x00000000a6600000)
 Metaspace       used 72538K, capacity 75200K, committed 75432K, reserved 1114112K
  class space    used 9504K, capacity 10053K, committed 10152K, reserved 1048576K
}

