# JRE version: OpenJDK Runtime Environment (8.0_212-b04) (build 1.8.0_212-release-1586-b04)
# Java VM: OpenJDK 64-Bit Server VM (25.212-b04 mixed mode windows-amd64 compressed oops)
Heap:
 PSYoungGen      total 245248K, used 68418K [0x00000000e0000000, 0x00000000f5480000, 0x0000000100000000)
  eden space 184320K, 26% used [0x00000000e0000000,0x00000000e2f044f8,0x00000000eb400000)
  from space 60928K, 33% used [0x00000000eb400000,0x00000000ec7cc5f0,0x00000000eef80000)
  to   space 58368K, 0% used [0x00000000f1b80000,0x00000000f1b80000,0x00000000f5480000)
 ParOldGen       total 133632K, used 104971K [0x00000000a0000000, 0x00000000a8280000, 0x00000000e0000000)
  object space 133632K, 78% used [0x00000000a0000000,0x00000000a6682e40,0x00000000a8280000)
 Metaspace       used 101320K, capacity 106366K, committed 106536K, reserved 1142784K
  class space    used 13060K, capacity 14092K, committed 14120K, reserved 1048576K
GC Heap History (10 events):
Event: 854.150 GC heap before
{Heap before GC invocations=26 (full 5):
 PSYoungGen      total 214528K, used 207221K [0x00000000e0000000, 0x00000000f1a00000, 0x0000000100000000)
  eden space 190464K, 100% used [0x00000000e0000000,0x00000000eba00000,0x00000000eba00000)
  from space 24064K, 69% used [0x00000000f0280000,0x00000000f12dd7e0,0x00000000f1a00000)
  to   space 49152K, 0% used [0x00000000eba00000,0x00000000eba00000,0x00000000eea00000)
 ParOldGen       total 133632K, used 66515K [0x00000000a0000000, 0x00000000a8280000, 0x00000000e0000000)
  object space 133632K, 49% used [0x00000000a0000000,0x00000000a40f4cc0,0x00000000a8280000)
 Metaspace       used 98148K, capacity 103008K, committed 103208K, reserved 1138688K
  class space    used 12795K, capacity 13825K, committed 13864K, reserved 1048576K
Event: 854.168 GC heap after
Heap after GC invocations=26 (full 5):
 PSYoungGen      total 205824K, used 19994K [0x00000000e0000000, 0x00000000f1000000, 0x0000000100000000)
  eden space 185344K, 0% used [0x00000000e0000000,0x00000000e0000000,0x00000000eb500000)
  from space 20480K, 97% used [0x00000000eba00000,0x00000000ecd868c0,0x00000000ece00000)
  to   space 46592K, 0% used [0x00000000ee280000,0x00000000ee280000,0x00000000f1000000)
 ParOldGen       total 133632K, used 66523K [0x00000000a0000000, 0x00000000a8280000, 0x00000000e0000000)
  object space 133632K, 49% used [0x00000000a0000000,0x00000000a40f6cc0,0x00000000a8280000)
 Metaspace       used 98148K, capacity 103008K, committed 103208K, reserved 1138688K
  class space    used 12795K, capacity 13825K, committed 13864K, reserved 1048576K
}
Event: 856.225 GC heap before
{Heap before GC invocations=27 (full 5):
 PSYoungGen      total 205824K, used 205338K [0x00000000e0000000, 0x00000000f1000000, 0x0000000100000000)
  eden space 185344K, 100% used [0x00000000e0000000,0x00000000eb500000,0x00000000eb500000)
  from space 20480K, 97% used [0x00000000eba00000,0x00000000ecd868c0,0x00000000ece00000)
  to   space 46592K, 0% used [0x00000000ee280000,0x00000000ee280000,0x00000000f1000000)
 ParOldGen       total 133632K, used 66529K [0x00000000a0000000, 0x00000000a8280000, 0x00000000e0000000)
  object space 133632K, 49% used [0x00000000a0000000,0x00000000a40f84d0,0x00000000a8280000)
 Metaspace       used 100899K, capacity 105950K, committed 106280K, reserved 1140736K
  class space    used 13049K, capacity 14076K, committed 14120K, reserved 1048576K
Event: 856.259 GC heap after
Heap after GC invocations=27 (full 5):
 PSYoungGen      total 212992K, used 46568K [0x00000000e0000000, 0x00000000f3080000, 0x0000000100000000)
  eden space 166400K, 0% used [0x00000000e0000000,0x00000000e0000000,0x00000000ea280000)
  from space 46592K, 99% used [0x00000000ee280000,0x00000000f0ffa110,0x00000000f1000000)
  to   space 65536K, 0% used [0x00000000ea280000,0x00000000ea280000,0x00000000ee280000)
 ParOldGen       total 133632K, used 96319K [0x00000000a0000000, 0x00000000a8280000, 0x00000000e0000000)
  object space 133632K, 72% used [0x00000000a0000000,0x00000000a5e0fd50,0x00000000a8280000)
 Metaspace       used 100899K, capacity 105950K, committed 106280K, reserved 1140736K
  class space    used 13049K, capacity 14076K, committed 14120K, reserved 1048576K
}
Event: 857.353 GC heap before
{Heap before GC invocations=28 (full 5):
 PSYoungGen      total 212992K, used 212968K [0x00000000e0000000, 0x00000000f3080000, 0x0000000100000000)
  eden space 166400K, 100% used [0x00000000e0000000,0x00000000ea280000,0x00000000ea280000)
  from space 46592K, 99% used [0x00000000ee280000,0x00000000f0ffa110,0x00000000f1000000)
  to   space 65536K, 0% used [0x00000000ea280000,0x00000000ea280000,0x00000000ee280000)
 ParOldGen       total 133632K, used 96331K [0x00000000a0000000, 0x00000000a8280000, 0x00000000e0000000)
  object space 133632K, 72% used [0x00000000a0000000,0x00000000a5e12c40,0x00000000a8280000)
 Metaspace       used 101104K, capacity 106078K, committed 106280K, reserved 1140736K
  class space    used 13049K, capacity 14076K, committed 14120K, reserved 1048576K
Event: 857.371 GC heap after
Heap after GC invocations=28 (full 5):
 PSYoungGen      total 231936K, used 29052K [0x00000000e0000000, 0x00000000f2d00000, 0x0000000100000000)
  eden space 166400K, 0% used [0x00000000e0000000,0x00000000e0000000,0x00000000ea280000)
  from space 65536K, 44% used [0x00000000ea280000,0x00000000ebedf218,0x00000000ee280000)
  to   space 62976K, 0% used [0x00000000eef80000,0x00000000eef80000,0x00000000f2d00000)
 ParOldGen       total 133632K, used 97467K [0x00000000a0000000, 0x00000000a8280000, 0x00000000e0000000)
  object space 133632K, 72% used [0x00000000a0000000,0x00000000a5f2ed68,0x00000000a8280000)
 Metaspace       used 101104K, capacity 106078K, committed 106280K, reserved 1140736K
  class space    used 13049K, capacity 14076K, committed 14120K, reserved 1048576K
}
Event: 857.371 GC heap before
{Heap before GC invocations=29 (full 5):
 PSYoungGen      total 231936K, used 30106K [0x00000000e0000000, 0x00000000f2d00000, 0x0000000100000000)
  eden space 166400K, 0% used [0x00000000e0000000,0x00000000e0107998,0x00000000ea280000)
  from space 65536K, 44% used [0x00000000ea280000,0x00000000ebedf218,0x00000000ee280000)
  to   space 62976K, 0% used [0x00000000eef80000,0x00000000eef80000,0x00000000f2d00000)
 ParOldGen       total 133632K, used 97467K [0x00000000a0000000, 0x00000000a8280000, 0x00000000e0000000)
  object space 133632K, 72% used [0x00000000a0000000,0x00000000a5f2ed68,0x00000000a8280000)
 Metaspace       used 101104K, capacity 106078K, committed 106280K, reserved 1140736K
  class space    used 13049K, capacity 14076K, committed 14120K, reserved 1048576K
Event: 857.391 GC heap after
Heap after GC invocations=29 (full 5):
 PSYoungGen      total 247296K, used 29080K [0x00000000e0000000, 0x00000000f5300000, 0x0000000100000000)
  eden space 184320K, 0% used [0x00000000e0000000,0x00000000e0000000,0x00000000eb400000)
  from space 62976K, 46% used [0x00000000eef80000,0x00000000f0be61f8,0x00000000f2d00000)
  to   space 60928K, 0% used [0x00000000eb400000,0x00000000eb400000,0x00000000eef80000)
 ParOldGen       total 133632K, used 97475K [0x00000000a0000000, 0x00000000a8280000, 0x00000000e0000000)
  object space 133632K, 72% used [0x00000000a0000000,0x00000000a5f30d68,0x00000000a8280000)
 Metaspace       used 101104K, capacity 106078K, committed 106280K, reserved 1140736K
  class space    used 13049K, capacity 14076K, committed 14120K, reserved 1048576K
}
Event: 858.665 GC heap before
{Heap before GC invocations=30 (full 5):
 PSYoungGen      total 247296K, used 213400K [0x00000000e0000000, 0x00000000f5300000, 0x0000000100000000)
  eden space 184320K, 100% used [0x00000000e0000000,0x00000000eb400000,0x00000000eb400000)
  from space 62976K, 46% used [0x00000000eef80000,0x00000000f0be61f8,0x00000000f2d00000)
  to   space 60928K, 0% used [0x00000000eb400000,0x00000000eb400000,0x00000000eef80000)
 ParOldGen       total 133632K, used 97475K [0x00000000a0000000, 0x00000000a8280000, 0x00000000e0000000)
  object space 133632K, 72% used [0x00000000a0000000,0x00000000a5f30d68,0x00000000a8280000)
 Metaspace       used 101265K, capacity 106254K, committed 106536K, reserved 1142784K
  class space    used 13055K, capacity 14084K, committed 14120K, reserved 1048576K
Event: 858.706 GC heap after
Heap after GC invocations=30 (full 5):
 PSYoungGen      total 245248K, used 20273K [0x00000000e0000000, 0x00000000f5480000, 0x0000000100000000)
  eden space 184320K, 0% used [0x00000000e0000000,0x00000000e0000000,0x00000000eb400000)
  from space 60928K, 33% used [0x00000000eb400000,0x00000000ec7cc5f0,0x00000000eef80000)
  to   space 58368K, 0% used [0x00000000f1b80000,0x00000000f1b80000,0x00000000f5480000)
 ParOldGen       total 133632K, used 104971K [0x00000000a0000000, 0x00000000a8280000, 0x00000000e0000000)
  object space 133632K, 78% used [0x00000000a0000000,0x00000000a6682e40,0x00000000a8280000)
 Metaspace       used 101265K, capacity 106254K, committed 106536K, reserved 1142784K
  class space    used 13055K, capacity 14084K, committed 14120K, reserved 1048576K
}

